<?xml version="1.0" encoding="UTF-8"?>
<!-- Generated by org.testng.reporters.JUnitXMLReporter -->
<testsuite hostname="DESKTOP-FID49DI" ignored="0" name="Default test" tests="6" failures="0" timestamp="31 Mar 2021 10:14:52 GMT" time="47.209" errors="0">
  <testcase name="negativeTest_NoInput" time="3.769" classname="com.tests.SauceDemoTest"/>
  <testcase name="negativeTest_onlyUsername_input" time="1.538" classname="com.tests.SauceDemoTest"/>
  <testcase name="negativeTest_Username_input_OnlyCharacters" time="0.394" classname="com.tests.SauceDemoTest"/>
  <testcase name="negativeTest_Username_input_OnlySpecial_Characters" time="0.37" classname="com.tests.SauceDemoTest"/>
  <testcase name="negativeTest_Username_input_Only_Numericals" time="0.238" classname="com.tests.SauceDemoTest"/>
  <testcase name="negativeTest_Username_input_Numericals_and_SpecialChars" time="0.287" classname="com.tests.SauceDemoTest"/>
</testsuite> <!-- Default test -->
