<?xml version="1.0" encoding="UTF-8"?>
<testng-results skipped="0" failed="0" ignored="0" total="0" passed="0">
  <reporter-output>
  </reporter-output>
  <suite name="com.tests.SauceDemoTest" duration-ms="56" started-at="2021-03-31T08:13:26Z" finished-at="2021-03-31T08:13:26Z">
    <groups>
    </groups>
    <test name="Command line test" duration-ms="56" started-at="2021-03-31T08:13:26Z" finished-at="2021-03-31T08:13:26Z">
    </test> <!-- Command line test -->
  </suite> <!-- com.tests.SauceDemoTest -->
</testng-results>
